<?xml version="1.0" encoding="UTF-8" standalone="no"?>
<!DOCTYPE log SYSTEM "logger.dtd">
<log>
<record>
  <date>2019-04-30T11:21:07</date>
  <millis>1556637667853</millis>
  <sequence>0</sequence>
  <level>START</level>
  <class>com.kms.katalon.core.logging.XmlKeywordLogger</class>
  <method>startSuite</method>
  <thread>1</thread>
  <message>Start Test Suite : Test Suites/AGE GATE</message>
  <nestedLevel>0</nestedLevel>
  <property name="name">AGE GATE</property>
  <property name="description"></property>
  <property name="id">Test Suites/AGE GATE</property>
</record>
<record>
  <date>2019-04-30T11:21:07</date>
  <millis>1556637667871</millis>
  <sequence>1</sequence>
  <level>RUN_DATA</level>
  <class>com.kms.katalon.core.logging.XmlKeywordLogger</class>
  <method>logMessage</method>
  <thread>1</thread>
  <message>hostName = sumankompelly - 10.0.126.233</message>
  <nestedLevel>0</nestedLevel>
  <property name="hostName">sumankompelly - 10.0.126.233</property>
</record>
<record>
  <date>2019-04-30T11:21:07</date>
  <millis>1556637667872</millis>
  <sequence>2</sequence>
  <level>RUN_DATA</level>
  <class>com.kms.katalon.core.logging.XmlKeywordLogger</class>
  <method>logMessage</method>
  <thread>1</thread>
  <message>os = Mac OS X 64bit</message>
  <nestedLevel>0</nestedLevel>
  <property name="os">Mac OS X 64bit</property>
</record>
<record>
  <date>2019-04-30T11:21:07</date>
  <millis>1556637667873</millis>
  <sequence>3</sequence>
  <level>RUN_DATA</level>
  <class>com.kms.katalon.core.logging.XmlKeywordLogger</class>
  <method>logMessage</method>
  <thread>1</thread>
  <message>hostAddress = 10.0.126.233</message>
  <nestedLevel>0</nestedLevel>
  <property name="hostAddress">10.0.126.233</property>
</record>
<record>
  <date>2019-04-30T11:21:07</date>
  <millis>1556637667878</millis>
  <sequence>4</sequence>
  <level>RUN_DATA</level>
  <class>com.kms.katalon.core.logging.XmlKeywordLogger</class>
  <method>logMessage</method>
  <thread>1</thread>
  <message>katalonVersion = 5.10.1.1</message>
  <nestedLevel>0</nestedLevel>
  <property name="katalonVersion">5.10.1.1</property>
</record>
<record>
  <date>2019-04-30T11:21:08</date>
  <millis>1556637668186</millis>
  <sequence>5</sequence>
  <level>START</level>
  <class>com.kms.katalon.core.logging.XmlKeywordLogger</class>
  <method>startTest</method>
  <thread>1</thread>
  <message>Start Test Case : Test Cases/OCS-AGE GATE/AG- Under Age</message>
  <nestedLevel>1</nestedLevel>
  <property name="name">Test Cases/OCS-AGE GATE/AG- Under Age</property>
  <property name="description"></property>
  <property name="id">Test Cases/OCS-AGE GATE/AG- Under Age</property>
  <property name="source">\\Users\\sumankompelly\\git\\Sample-OCS\\Test Cases\\OCS-AGE GATE\\AG- Under Age.tc</property>
  <property name="isOptional">false</property>
</record>
<record>
  <date>2019-04-30T11:21:08</date>
  <millis>1556637668540</millis>
  <sequence>7</sequence>
  <level>START</level>
  <class>com.kms.katalon.core.logging.XmlKeywordLogger</class>
  <method>startKeyword</method>
  <thread>1</thread>
  <message>Start action : openBrowser(\&amp;quot;\&amp;quot;)</message>
  <nestedLevel>1</nestedLevel>
  <property name="startLine">16</property>
  <property name="stepIndex">1</property>
</record>
<record>
  <date>2019-04-30T11:21:09</date>
  <millis>1556637669101</millis>
  <sequence>9</sequence>
  <level>INFO</level>
  <class>com.kms.katalon.core.logging.XmlKeywordLogger</class>
  <method>logMessage</method>
  <thread>1</thread>
  <message>Starting &amp;apos;Chrome&amp;apos; driver</message>
  <nestedLevel>1</nestedLevel>
</record>
<record>
  <date>2019-04-30T11:21:09</date>
  <millis>1556637669118</millis>
  <sequence>10</sequence>
  <level>INFO</level>
  <class>com.kms.katalon.core.logging.XmlKeywordLogger</class>
  <method>logMessage</method>
  <thread>1</thread>
  <message>Action delay is set to 0 seconds</message>
  <nestedLevel>1</nestedLevel>
</record>
<record>
  <date>2019-04-30T11:21:10</date>
  <millis>1556637670961</millis>
  <sequence>12</sequence>
  <level>RUN_DATA</level>
  <class>com.kms.katalon.core.logging.XmlKeywordLogger</class>
  <method>logMessage</method>
  <thread>1</thread>
  <message>sessionId = f21794f70c5eeffddf30485639f6c610</message>
  <nestedLevel>1</nestedLevel>
  <property name="sessionId">f21794f70c5eeffddf30485639f6c610</property>
</record>
<record>
  <date>2019-04-30T11:21:10</date>
  <millis>1556637670982</millis>
  <sequence>13</sequence>
  <level>RUN_DATA</level>
  <class>com.kms.katalon.core.logging.XmlKeywordLogger</class>
  <method>logMessage</method>
  <thread>1</thread>
  <message>browser = Chrome 74.0.3729.108</message>
  <nestedLevel>1</nestedLevel>
  <property name="browser">Chrome 74.0.3729.108</property>
</record>
<record>
  <date>2019-04-30T11:21:10</date>
  <millis>1556637670984</millis>
  <sequence>14</sequence>
  <level>RUN_DATA</level>
  <class>com.kms.katalon.core.logging.XmlKeywordLogger</class>
  <method>logMessage</method>
  <thread>1</thread>
  <message>platform = Mac OS X</message>
  <nestedLevel>1</nestedLevel>
  <property name="platform">Mac OS X</property>
</record>
<record>
  <date>2019-04-30T11:21:10</date>
  <millis>1556637670986</millis>
  <sequence>15</sequence>
  <level>RUN_DATA</level>
  <class>com.kms.katalon.core.logging.XmlKeywordLogger</class>
  <method>logMessage</method>
  <thread>1</thread>
  <message>seleniumVersion = 3.7.1</message>
  <nestedLevel>1</nestedLevel>
  <property name="seleniumVersion">3.7.1</property>
</record>
<record>
  <date>2019-04-30T11:21:10</date>
  <millis>1556637670987</millis>
  <sequence>16</sequence>
  <level>RUN_DATA</level>
  <class>com.kms.katalon.core.logging.XmlKeywordLogger</class>
  <method>logMessage</method>
  <thread>1</thread>
  <message>proxyInformation = ProxyInformation{proxyOption=NO_PROXY, proxyServerType=HTTP, password=, proxyServerAddress=, proxyServerPort=0}</message>
  <nestedLevel>1</nestedLevel>
  <property name="proxyInformation">ProxyInformation{proxyOption=NO_PROXY, proxyServerType=HTTP, password=, proxyServerAddress=, proxyServerPort=0}</property>
</record>
<record>
  <date>2019-04-30T11:21:10</date>
  <millis>1556637670988</millis>
  <sequence>17</sequence>
  <level>PASSED</level>
  <class>com.kms.katalon.core.logging.XmlKeywordLogger</class>
  <method>logMessage</method>
  <thread>1</thread>
  <message>Browser is opened with url: &amp;apos;&amp;apos;</message>
  <nestedLevel>1</nestedLevel>
</record>
<record>
  <date>2019-04-30T11:21:10</date>
  <millis>1556637670989</millis>
  <sequence>18</sequence>
  <level>END</level>
  <class>com.kms.katalon.core.logging.XmlKeywordLogger</class>
  <method>endKeyword</method>
  <thread>1</thread>
  <message>End action : openBrowser(\&amp;quot;\&amp;quot;)</message>
  <nestedLevel>1</nestedLevel>
</record>
<record>
  <date>2019-04-30T11:21:10</date>
  <millis>1556637670989</millis>
  <sequence>19</sequence>
  <level>START</level>
  <class>com.kms.katalon.core.logging.XmlKeywordLogger</class>
  <method>startKeyword</method>
  <thread>1</thread>
  <message>Start action : navigateToUrl(\&amp;quot;https://ocs.ca/?fts=0&amp;amp;preview_theme_id=53370029900\&amp;quot;)</message>
  <nestedLevel>1</nestedLevel>
  <property name="startLine">18</property>
  <property name="stepIndex">2</property>
</record>
<record>
  <date>2019-04-30T11:21:18</date>
  <millis>1556637678115</millis>
  <sequence>22</sequence>
  <level>PASSED</level>
  <class>com.kms.katalon.core.logging.XmlKeywordLogger</class>
  <method>logMessage</method>
  <thread>1</thread>
  <message>Navigate to &amp;apos;https://ocs.ca/?fts=0&amp;amp;preview_theme_id=53370029900&amp;apos; successfully</message>
  <nestedLevel>1</nestedLevel>
</record>
<record>
  <date>2019-04-30T11:21:18</date>
  <millis>1556637678121</millis>
  <sequence>23</sequence>
  <level>END</level>
  <class>com.kms.katalon.core.logging.XmlKeywordLogger</class>
  <method>endKeyword</method>
  <thread>1</thread>
  <message>End action : navigateToUrl(\&amp;quot;https://ocs.ca/?fts=0&amp;amp;preview_theme_id=53370029900\&amp;quot;)</message>
  <nestedLevel>1</nestedLevel>
</record>
<record>
  <date>2019-04-30T11:21:18</date>
  <millis>1556637678121</millis>
  <sequence>24</sequence>
  <level>START</level>
  <class>com.kms.katalon.core.logging.XmlKeywordLogger</class>
  <method>startKeyword</method>
  <thread>1</thread>
  <message>Start action : click(findTestObject(\&amp;quot;Object Repository/Theme_oR/Page_Ontario Cannabis Store  Ontari/button_Close preview\&amp;quot;))</message>
  <nestedLevel>1</nestedLevel>
  <property name="startLine">20</property>
  <property name="stepIndex">3</property>
</record>
<record>
  <date>2019-04-30T11:21:19</date>
  <millis>1556637679204</millis>
  <sequence>38</sequence>
  <level>PASSED</level>
  <class>com.kms.katalon.core.logging.XmlKeywordLogger</class>
  <method>logMessage</method>
  <thread>1</thread>
  <message>Object: &amp;apos;Object Repository/Theme_oR/Page_Ontario Cannabis Store  Ontari/button_Close preview&amp;apos; is clicked on</message>
  <nestedLevel>1</nestedLevel>
</record>
<record>
  <date>2019-04-30T11:21:19</date>
  <millis>1556637679238</millis>
  <sequence>40</sequence>
  <level>END</level>
  <class>com.kms.katalon.core.logging.XmlKeywordLogger</class>
  <method>endKeyword</method>
  <thread>1</thread>
  <message>End action : click(findTestObject(\&amp;quot;Object Repository/Theme_oR/Page_Ontario Cannabis Store  Ontari/button_Close preview\&amp;quot;))</message>
  <nestedLevel>1</nestedLevel>
</record>
<record>
  <date>2019-04-30T11:21:19</date>
  <millis>1556637679239</millis>
  <sequence>41</sequence>
  <level>START</level>
  <class>com.kms.katalon.core.logging.XmlKeywordLogger</class>
  <method>startKeyword</method>
  <thread>1</thread>
  <message>Start action : selectOptionByValue(findTestObject(\&amp;quot;Object Repository/OCS_OR/UNDER AGE_OR/Page_Ontario Cannabis Store  Ontari/select_Select01020304050607080\&amp;quot;), \&amp;quot;2\&amp;quot;, true)</message>
  <nestedLevel>1</nestedLevel>
  <property name="startLine">22</property>
  <property name="stepIndex">4</property>
</record>
<record>
  <date>2019-04-30T11:21:20</date>
  <millis>1556637680376</millis>
  <sequence>50</sequence>
  <level>PASSED</level>
  <class>com.kms.katalon.core.logging.XmlKeywordLogger</class>
  <method>logMessage</method>
  <thread>1</thread>
  <message>All options with value &amp;apos;2&amp;apos; are selected in object &amp;apos;Object Repository/OCS_OR/UNDER AGE_OR/Page_Ontario Cannabis Store  Ontari/select_Select01020304050607080&amp;apos;  using regular expression</message>
  <nestedLevel>1</nestedLevel>
</record>
<record>
  <date>2019-04-30T11:21:20</date>
  <millis>1556637680377</millis>
  <sequence>51</sequence>
  <level>END</level>
  <class>com.kms.katalon.core.logging.XmlKeywordLogger</class>
  <method>endKeyword</method>
  <thread>1</thread>
  <message>End action : selectOptionByValue(findTestObject(\&amp;quot;Object Repository/OCS_OR/UNDER AGE_OR/Page_Ontario Cannabis Store  Ontari/select_Select01020304050607080\&amp;quot;), \&amp;quot;2\&amp;quot;, true)</message>
  <nestedLevel>1</nestedLevel>
</record>
<record>
  <date>2019-04-30T11:21:20</date>
  <millis>1556637680377</millis>
  <sequence>52</sequence>
  <level>START</level>
  <class>com.kms.katalon.core.logging.XmlKeywordLogger</class>
  <method>startKeyword</method>
  <thread>1</thread>
  <message>Start action : selectOptionByValue(findTestObject(\&amp;quot;Object Repository/OCS_OR/UNDER AGE_OR/Page_Ontario Cannabis Store  Ontari/select_SelectJanuary - 01Febru\&amp;quot;), \&amp;quot;4\&amp;quot;, true)</message>
  <nestedLevel>1</nestedLevel>
  <property name="startLine">25</property>
  <property name="stepIndex">5</property>
</record>
<record>
  <date>2019-04-30T11:21:20</date>
  <millis>1556637680650</millis>
  <sequence>61</sequence>
  <level>PASSED</level>
  <class>com.kms.katalon.core.logging.XmlKeywordLogger</class>
  <method>logMessage</method>
  <thread>1</thread>
  <message>All options with value &amp;apos;4&amp;apos; are selected in object &amp;apos;Object Repository/OCS_OR/UNDER AGE_OR/Page_Ontario Cannabis Store  Ontari/select_SelectJanuary - 01Febru&amp;apos;  using regular expression</message>
  <nestedLevel>1</nestedLevel>
</record>
<record>
  <date>2019-04-30T11:21:20</date>
  <millis>1556637680651</millis>
  <sequence>62</sequence>
  <level>END</level>
  <class>com.kms.katalon.core.logging.XmlKeywordLogger</class>
  <method>endKeyword</method>
  <thread>1</thread>
  <message>End action : selectOptionByValue(findTestObject(\&amp;quot;Object Repository/OCS_OR/UNDER AGE_OR/Page_Ontario Cannabis Store  Ontari/select_SelectJanuary - 01Febru\&amp;quot;), \&amp;quot;4\&amp;quot;, true)</message>
  <nestedLevel>1</nestedLevel>
</record>
<record>
  <date>2019-04-30T11:21:20</date>
  <millis>1556637680652</millis>
  <sequence>63</sequence>
  <level>START</level>
  <class>com.kms.katalon.core.logging.XmlKeywordLogger</class>
  <method>startKeyword</method>
  <thread>1</thread>
  <message>Start action : selectOptionByValue(findTestObject(\&amp;quot;Object Repository/OCS_OR/UNDER AGE_OR/Page_Ontario Cannabis Store  Ontari/select_Select20182017201620152\&amp;quot;), \&amp;quot;2017\&amp;quot;, true)</message>
  <nestedLevel>1</nestedLevel>
  <property name="startLine">28</property>
  <property name="stepIndex">6</property>
</record>
<record>
  <date>2019-04-30T11:21:21</date>
  <millis>1556637681768</millis>
  <sequence>72</sequence>
  <level>PASSED</level>
  <class>com.kms.katalon.core.logging.XmlKeywordLogger</class>
  <method>logMessage</method>
  <thread>1</thread>
  <message>All options with value &amp;apos;2017&amp;apos; are selected in object &amp;apos;Object Repository/OCS_OR/UNDER AGE_OR/Page_Ontario Cannabis Store  Ontari/select_Select20182017201620152&amp;apos;  using regular expression</message>
  <nestedLevel>1</nestedLevel>
</record>
<record>
  <date>2019-04-30T11:21:21</date>
  <millis>1556637681768</millis>
  <sequence>73</sequence>
  <level>END</level>
  <class>com.kms.katalon.core.logging.XmlKeywordLogger</class>
  <method>endKeyword</method>
  <thread>1</thread>
  <message>End action : selectOptionByValue(findTestObject(\&amp;quot;Object Repository/OCS_OR/UNDER AGE_OR/Page_Ontario Cannabis Store  Ontari/select_Select20182017201620152\&amp;quot;), \&amp;quot;2017\&amp;quot;, true)</message>
  <nestedLevel>1</nestedLevel>
</record>
<record>
  <date>2019-04-30T11:21:21</date>
  <millis>1556637681768</millis>
  <sequence>74</sequence>
  <level>START</level>
  <class>com.kms.katalon.core.logging.XmlKeywordLogger</class>
  <method>startKeyword</method>
  <thread>1</thread>
  <message>Start action : delay(2)</message>
  <nestedLevel>1</nestedLevel>
  <property name="startLine">31</property>
  <property name="stepIndex">7</property>
</record>
<record>
  <date>2019-04-30T11:21:23</date>
  <millis>1556637683788</millis>
  <sequence>76</sequence>
  <level>PASSED</level>
  <class>com.kms.katalon.core.logging.XmlKeywordLogger</class>
  <method>logMessage</method>
  <thread>1</thread>
  <message>Delayed 2 second(s)</message>
  <nestedLevel>1</nestedLevel>
</record>
<record>
  <date>2019-04-30T11:21:23</date>
  <millis>1556637683788</millis>
  <sequence>77</sequence>
  <level>END</level>
  <class>com.kms.katalon.core.logging.XmlKeywordLogger</class>
  <method>endKeyword</method>
  <thread>1</thread>
  <message>End action : delay(2)</message>
  <nestedLevel>1</nestedLevel>
</record>
<record>
  <date>2019-04-30T11:21:23</date>
  <millis>1556637683789</millis>
  <sequence>78</sequence>
  <level>START</level>
  <class>com.kms.katalon.core.logging.XmlKeywordLogger</class>
  <method>startKeyword</method>
  <thread>1</thread>
  <message>Start action : click(findTestObject(\&amp;quot;Object Repository/OCS_OR/UNDER AGE_OR/Page_Ontario Cannabis Store  Ontari/button_Verify\&amp;quot;))</message>
  <nestedLevel>1</nestedLevel>
  <property name="startLine">33</property>
  <property name="stepIndex">8</property>
</record>
<record>
  <date>2019-04-30T11:21:23</date>
  <millis>1556637683890</millis>
  <sequence>85</sequence>
  <level>PASSED</level>
  <class>com.kms.katalon.core.logging.XmlKeywordLogger</class>
  <method>logMessage</method>
  <thread>1</thread>
  <message>Object: &amp;apos;Object Repository/OCS_OR/UNDER AGE_OR/Page_Ontario Cannabis Store  Ontari/button_Verify&amp;apos; is clicked on</message>
  <nestedLevel>1</nestedLevel>
</record>
<record>
  <date>2019-04-30T11:21:23</date>
  <millis>1556637683890</millis>
  <sequence>86</sequence>
  <level>END</level>
  <class>com.kms.katalon.core.logging.XmlKeywordLogger</class>
  <method>endKeyword</method>
  <thread>1</thread>
  <message>End action : click(findTestObject(\&amp;quot;Object Repository/OCS_OR/UNDER AGE_OR/Page_Ontario Cannabis Store  Ontari/button_Verify\&amp;quot;))</message>
  <nestedLevel>1</nestedLevel>
</record>
<record>
  <date>2019-04-30T11:21:23</date>
  <millis>1556637683891</millis>
  <sequence>87</sequence>
  <level>START</level>
  <class>com.kms.katalon.core.logging.XmlKeywordLogger</class>
  <method>startKeyword</method>
  <thread>1</thread>
  <message>Start action : click(findTestObject(\&amp;quot;Object Repository/OCS_OR/UNDER AGE_OR/Page_Ontario Cannabis Store  Ontari/span_CONFIRM AND ACKNOWLEDGE_c\&amp;quot;))</message>
  <nestedLevel>1</nestedLevel>
  <property name="startLine">35</property>
  <property name="stepIndex">9</property>
</record>
<record>
  <date>2019-04-30T11:21:23</date>
  <millis>1556637683961</millis>
  <sequence>94</sequence>
  <level>PASSED</level>
  <class>com.kms.katalon.core.logging.XmlKeywordLogger</class>
  <method>logMessage</method>
  <thread>1</thread>
  <message>Object: &amp;apos;Object Repository/OCS_OR/UNDER AGE_OR/Page_Ontario Cannabis Store  Ontari/span_CONFIRM AND ACKNOWLEDGE_c&amp;apos; is clicked on</message>
  <nestedLevel>1</nestedLevel>
</record>
<record>
  <date>2019-04-30T11:21:23</date>
  <millis>1556637683962</millis>
  <sequence>95</sequence>
  <level>END</level>
  <class>com.kms.katalon.core.logging.XmlKeywordLogger</class>
  <method>endKeyword</method>
  <thread>1</thread>
  <message>End action : click(findTestObject(\&amp;quot;Object Repository/OCS_OR/UNDER AGE_OR/Page_Ontario Cannabis Store  Ontari/span_CONFIRM AND ACKNOWLEDGE_c\&amp;quot;))</message>
  <nestedLevel>1</nestedLevel>
</record>
<record>
  <date>2019-04-30T11:21:23</date>
  <millis>1556637683962</millis>
  <sequence>96</sequence>
  <level>START</level>
  <class>com.kms.katalon.core.logging.XmlKeywordLogger</class>
  <method>startKeyword</method>
  <thread>1</thread>
  <message>Start action : click(findTestObject(\&amp;quot;Object Repository/OCS_OR/UNDER AGE_OR/Page_Ontario Cannabis Store  Ontari/button_CONFIRM\&amp;quot;))</message>
  <nestedLevel>1</nestedLevel>
  <property name="startLine">37</property>
  <property name="stepIndex">10</property>
</record>
<record>
  <date>2019-04-30T11:21:24</date>
  <millis>1556637684016</millis>
  <sequence>103</sequence>
  <level>PASSED</level>
  <class>com.kms.katalon.core.logging.XmlKeywordLogger</class>
  <method>logMessage</method>
  <thread>1</thread>
  <message>Object: &amp;apos;Object Repository/OCS_OR/UNDER AGE_OR/Page_Ontario Cannabis Store  Ontari/button_CONFIRM&amp;apos; is clicked on</message>
  <nestedLevel>1</nestedLevel>
</record>
<record>
  <date>2019-04-30T11:21:24</date>
  <millis>1556637684017</millis>
  <sequence>104</sequence>
  <level>END</level>
  <class>com.kms.katalon.core.logging.XmlKeywordLogger</class>
  <method>endKeyword</method>
  <thread>1</thread>
  <message>End action : click(findTestObject(\&amp;quot;Object Repository/OCS_OR/UNDER AGE_OR/Page_Ontario Cannabis Store  Ontari/button_CONFIRM\&amp;quot;))</message>
  <nestedLevel>1</nestedLevel>
</record>
<record>
  <date>2019-04-30T11:21:24</date>
  <millis>1556637684017</millis>
  <sequence>105</sequence>
  <level>START</level>
  <class>com.kms.katalon.core.logging.XmlKeywordLogger</class>
  <method>startKeyword</method>
  <thread>1</thread>
  <message>Start action : click(findTestObject(\&amp;quot;Object Repository/OCS_OR/UNDER AGE_OR/Page_Ontario Cannabis Store  Ontari/a_Oops Im actually 19 or older\&amp;quot;))</message>
  <nestedLevel>1</nestedLevel>
  <property name="startLine">39</property>
  <property name="stepIndex">11</property>
</record>
<record>
  <date>2019-04-30T11:21:24</date>
  <millis>1556637684079</millis>
  <sequence>112</sequence>
  <level>PASSED</level>
  <class>com.kms.katalon.core.logging.XmlKeywordLogger</class>
  <method>logMessage</method>
  <thread>1</thread>
  <message>Object: &amp;apos;Object Repository/OCS_OR/UNDER AGE_OR/Page_Ontario Cannabis Store  Ontari/a_Oops Im actually 19 or older&amp;apos; is clicked on</message>
  <nestedLevel>1</nestedLevel>
</record>
<record>
  <date>2019-04-30T11:21:24</date>
  <millis>1556637684080</millis>
  <sequence>113</sequence>
  <level>END</level>
  <class>com.kms.katalon.core.logging.XmlKeywordLogger</class>
  <method>endKeyword</method>
  <thread>1</thread>
  <message>End action : click(findTestObject(\&amp;quot;Object Repository/OCS_OR/UNDER AGE_OR/Page_Ontario Cannabis Store  Ontari/a_Oops Im actually 19 or older\&amp;quot;))</message>
  <nestedLevel>1</nestedLevel>
</record>
<record>
  <date>2019-04-30T11:21:24</date>
  <millis>1556637684080</millis>
  <sequence>114</sequence>
  <level>START</level>
  <class>com.kms.katalon.core.logging.XmlKeywordLogger</class>
  <method>startKeyword</method>
  <thread>1</thread>
  <message>Start action : selectOptionByValue(findTestObject(\&amp;quot;Object Repository/OCS_OR/UNDER AGE_OR/Page_Ontario Cannabis Store  Ontari/select_Select01020304050607080\&amp;quot;), \&amp;quot;5\&amp;quot;, true)</message>
  <nestedLevel>1</nestedLevel>
  <property name="startLine">41</property>
  <property name="stepIndex">12</property>
</record>
<record>
  <date>2019-04-30T11:21:24</date>
  <millis>1556637684427</millis>
  <sequence>123</sequence>
  <level>PASSED</level>
  <class>com.kms.katalon.core.logging.XmlKeywordLogger</class>
  <method>logMessage</method>
  <thread>1</thread>
  <message>All options with value &amp;apos;5&amp;apos; are selected in object &amp;apos;Object Repository/OCS_OR/UNDER AGE_OR/Page_Ontario Cannabis Store  Ontari/select_Select01020304050607080&amp;apos;  using regular expression</message>
  <nestedLevel>1</nestedLevel>
</record>
<record>
  <date>2019-04-30T11:21:24</date>
  <millis>1556637684427</millis>
  <sequence>124</sequence>
  <level>END</level>
  <class>com.kms.katalon.core.logging.XmlKeywordLogger</class>
  <method>endKeyword</method>
  <thread>1</thread>
  <message>End action : selectOptionByValue(findTestObject(\&amp;quot;Object Repository/OCS_OR/UNDER AGE_OR/Page_Ontario Cannabis Store  Ontari/select_Select01020304050607080\&amp;quot;), \&amp;quot;5\&amp;quot;, true)</message>
  <nestedLevel>1</nestedLevel>
</record>
<record>
  <date>2019-04-30T11:21:24</date>
  <millis>1556637684428</millis>
  <sequence>125</sequence>
  <level>START</level>
  <class>com.kms.katalon.core.logging.XmlKeywordLogger</class>
  <method>startKeyword</method>
  <thread>1</thread>
  <message>Start action : selectOptionByValue(findTestObject(\&amp;quot;Object Repository/OCS_OR/UNDER AGE_OR/Page_Ontario Cannabis Store  Ontari/select_SelectJanuary - 01Febru\&amp;quot;), \&amp;quot;6\&amp;quot;, true)</message>
  <nestedLevel>1</nestedLevel>
  <property name="startLine">44</property>
  <property name="stepIndex">13</property>
</record>
<record>
  <date>2019-04-30T11:21:24</date>
  <millis>1556637684638</millis>
  <sequence>134</sequence>
  <level>PASSED</level>
  <class>com.kms.katalon.core.logging.XmlKeywordLogger</class>
  <method>logMessage</method>
  <thread>1</thread>
  <message>All options with value &amp;apos;6&amp;apos; are selected in object &amp;apos;Object Repository/OCS_OR/UNDER AGE_OR/Page_Ontario Cannabis Store  Ontari/select_SelectJanuary - 01Febru&amp;apos;  using regular expression</message>
  <nestedLevel>1</nestedLevel>
</record>
<record>
  <date>2019-04-30T11:21:24</date>
  <millis>1556637684639</millis>
  <sequence>135</sequence>
  <level>END</level>
  <class>com.kms.katalon.core.logging.XmlKeywordLogger</class>
  <method>endKeyword</method>
  <thread>1</thread>
  <message>End action : selectOptionByValue(findTestObject(\&amp;quot;Object Repository/OCS_OR/UNDER AGE_OR/Page_Ontario Cannabis Store  Ontari/select_SelectJanuary - 01Febru\&amp;quot;), \&amp;quot;6\&amp;quot;, true)</message>
  <nestedLevel>1</nestedLevel>
</record>
<record>
  <date>2019-04-30T11:21:24</date>
  <millis>1556637684639</millis>
  <sequence>136</sequence>
  <level>START</level>
  <class>com.kms.katalon.core.logging.XmlKeywordLogger</class>
  <method>startKeyword</method>
  <thread>1</thread>
  <message>Start action : selectOptionByValue(findTestObject(\&amp;quot;Object Repository/OCS_OR/UNDER AGE_OR/Page_Ontario Cannabis Store  Ontari/select_Select20182017201620152\&amp;quot;), \&amp;quot;1970\&amp;quot;, true)</message>
  <nestedLevel>1</nestedLevel>
  <property name="startLine">47</property>
  <property name="stepIndex">14</property>
</record>
<record>
  <date>2019-04-30T11:21:25</date>
  <millis>1556637685841</millis>
  <sequence>145</sequence>
  <level>PASSED</level>
  <class>com.kms.katalon.core.logging.XmlKeywordLogger</class>
  <method>logMessage</method>
  <thread>1</thread>
  <message>All options with value &amp;apos;1970&amp;apos; are selected in object &amp;apos;Object Repository/OCS_OR/UNDER AGE_OR/Page_Ontario Cannabis Store  Ontari/select_Select20182017201620152&amp;apos;  using regular expression</message>
  <nestedLevel>1</nestedLevel>
</record>
<record>
  <date>2019-04-30T11:21:25</date>
  <millis>1556637685847</millis>
  <sequence>146</sequence>
  <level>END</level>
  <class>com.kms.katalon.core.logging.XmlKeywordLogger</class>
  <method>endKeyword</method>
  <thread>1</thread>
  <message>End action : selectOptionByValue(findTestObject(\&amp;quot;Object Repository/OCS_OR/UNDER AGE_OR/Page_Ontario Cannabis Store  Ontari/select_Select20182017201620152\&amp;quot;), \&amp;quot;1970\&amp;quot;, true)</message>
  <nestedLevel>1</nestedLevel>
</record>
<record>
  <date>2019-04-30T11:21:25</date>
  <millis>1556637685847</millis>
  <sequence>147</sequence>
  <level>START</level>
  <class>com.kms.katalon.core.logging.XmlKeywordLogger</class>
  <method>startKeyword</method>
  <thread>1</thread>
  <message>Start action : click(findTestObject(\&amp;quot;Object Repository/OCS_OR/UNDER AGE_OR/Page_Ontario Cannabis Store  Ontari/button_Verify\&amp;quot;))</message>
  <nestedLevel>1</nestedLevel>
  <property name="startLine">50</property>
  <property name="stepIndex">15</property>
</record>
<record>
  <date>2019-04-30T11:21:25</date>
  <millis>1556637685909</millis>
  <sequence>154</sequence>
  <level>PASSED</level>
  <class>com.kms.katalon.core.logging.XmlKeywordLogger</class>
  <method>logMessage</method>
  <thread>1</thread>
  <message>Object: &amp;apos;Object Repository/OCS_OR/UNDER AGE_OR/Page_Ontario Cannabis Store  Ontari/button_Verify&amp;apos; is clicked on</message>
  <nestedLevel>1</nestedLevel>
</record>
<record>
  <date>2019-04-30T11:21:25</date>
  <millis>1556637685910</millis>
  <sequence>155</sequence>
  <level>END</level>
  <class>com.kms.katalon.core.logging.XmlKeywordLogger</class>
  <method>endKeyword</method>
  <thread>1</thread>
  <message>End action : click(findTestObject(\&amp;quot;Object Repository/OCS_OR/UNDER AGE_OR/Page_Ontario Cannabis Store  Ontari/button_Verify\&amp;quot;))</message>
  <nestedLevel>1</nestedLevel>
</record>
<record>
  <date>2019-04-30T11:21:25</date>
  <millis>1556637685910</millis>
  <sequence>156</sequence>
  <level>START</level>
  <class>com.kms.katalon.core.logging.XmlKeywordLogger</class>
  <method>startKeyword</method>
  <thread>1</thread>
  <message>Start action : click(findTestObject(\&amp;quot;Object Repository/OCS_OR/UNDER AGE_OR/Page_Ontario Cannabis Store  Ontari/span_CONFIRM AND ACKNOWLEDGE_c\&amp;quot;))</message>
  <nestedLevel>1</nestedLevel>
  <property name="startLine">52</property>
  <property name="stepIndex">16</property>
</record>
<record>
  <date>2019-04-30T11:21:25</date>
  <millis>1556637685958</millis>
  <sequence>163</sequence>
  <level>PASSED</level>
  <class>com.kms.katalon.core.logging.XmlKeywordLogger</class>
  <method>logMessage</method>
  <thread>1</thread>
  <message>Object: &amp;apos;Object Repository/OCS_OR/UNDER AGE_OR/Page_Ontario Cannabis Store  Ontari/span_CONFIRM AND ACKNOWLEDGE_c&amp;apos; is clicked on</message>
  <nestedLevel>1</nestedLevel>
</record>
<record>
  <date>2019-04-30T11:21:25</date>
  <millis>1556637685958</millis>
  <sequence>164</sequence>
  <level>END</level>
  <class>com.kms.katalon.core.logging.XmlKeywordLogger</class>
  <method>endKeyword</method>
  <thread>1</thread>
  <message>End action : click(findTestObject(\&amp;quot;Object Repository/OCS_OR/UNDER AGE_OR/Page_Ontario Cannabis Store  Ontari/span_CONFIRM AND ACKNOWLEDGE_c\&amp;quot;))</message>
  <nestedLevel>1</nestedLevel>
</record>
<record>
  <date>2019-04-30T11:21:25</date>
  <millis>1556637685958</millis>
  <sequence>165</sequence>
  <level>START</level>
  <class>com.kms.katalon.core.logging.XmlKeywordLogger</class>
  <method>startKeyword</method>
  <thread>1</thread>
  <message>Start action : click(findTestObject(\&amp;quot;Object Repository/OCS_OR/UNDER AGE_OR/Page_Ontario Cannabis Store  Ontari/button_CONFIRM\&amp;quot;))</message>
  <nestedLevel>1</nestedLevel>
  <property name="startLine">54</property>
  <property name="stepIndex">17</property>
</record>
<record>
  <date>2019-04-30T11:21:26</date>
  <millis>1556637686017</millis>
  <sequence>172</sequence>
  <level>PASSED</level>
  <class>com.kms.katalon.core.logging.XmlKeywordLogger</class>
  <method>logMessage</method>
  <thread>1</thread>
  <message>Object: &amp;apos;Object Repository/OCS_OR/UNDER AGE_OR/Page_Ontario Cannabis Store  Ontari/button_CONFIRM&amp;apos; is clicked on</message>
  <nestedLevel>1</nestedLevel>
</record>
<record>
  <date>2019-04-30T11:21:26</date>
  <millis>1556637686018</millis>
  <sequence>173</sequence>
  <level>END</level>
  <class>com.kms.katalon.core.logging.XmlKeywordLogger</class>
  <method>endKeyword</method>
  <thread>1</thread>
  <message>End action : click(findTestObject(\&amp;quot;Object Repository/OCS_OR/UNDER AGE_OR/Page_Ontario Cannabis Store  Ontari/button_CONFIRM\&amp;quot;))</message>
  <nestedLevel>1</nestedLevel>
</record>
<record>
  <date>2019-04-30T11:21:26</date>
  <millis>1556637686018</millis>
  <sequence>174</sequence>
  <level>START</level>
  <class>com.kms.katalon.core.logging.XmlKeywordLogger</class>
  <method>startKeyword</method>
  <thread>1</thread>
  <message>Start action : click(findTestObject(\&amp;quot;Object Repository/OCS_OR/UNDER AGE_OR/Page_Ontario Cannabis Store  Ontari/button_Start Browsing\&amp;quot;))</message>
  <nestedLevel>1</nestedLevel>
  <property name="startLine">56</property>
  <property name="stepIndex">18</property>
</record>
<record>
  <date>2019-04-30T11:21:26</date>
  <millis>1556637686078</millis>
  <sequence>181</sequence>
  <level>PASSED</level>
  <class>com.kms.katalon.core.logging.XmlKeywordLogger</class>
  <method>logMessage</method>
  <thread>1</thread>
  <message>Object: &amp;apos;Object Repository/OCS_OR/UNDER AGE_OR/Page_Ontario Cannabis Store  Ontari/button_Start Browsing&amp;apos; is clicked on</message>
  <nestedLevel>1</nestedLevel>
</record>
<record>
  <date>2019-04-30T11:21:26</date>
  <millis>1556637686078</millis>
  <sequence>182</sequence>
  <level>END</level>
  <class>com.kms.katalon.core.logging.XmlKeywordLogger</class>
  <method>endKeyword</method>
  <thread>1</thread>
  <message>End action : click(findTestObject(\&amp;quot;Object Repository/OCS_OR/UNDER AGE_OR/Page_Ontario Cannabis Store  Ontari/button_Start Browsing\&amp;quot;))</message>
  <nestedLevel>1</nestedLevel>
</record>
<record>
  <date>2019-04-30T11:21:26</date>
  <millis>1556637686078</millis>
  <sequence>183</sequence>
  <level>START</level>
  <class>com.kms.katalon.core.logging.XmlKeywordLogger</class>
  <method>startKeyword</method>
  <thread>1</thread>
  <message>Start action : closeBrowser()</message>
  <nestedLevel>1</nestedLevel>
  <property name="startLine">58</property>
  <property name="stepIndex">19</property>
</record>
<record>
  <date>2019-04-30T11:21:26</date>
  <millis>1556637686193</millis>
  <sequence>185</sequence>
  <level>PASSED</level>
  <class>com.kms.katalon.core.logging.XmlKeywordLogger</class>
  <method>logMessage</method>
  <thread>1</thread>
  <message>Browser is closed</message>
  <nestedLevel>1</nestedLevel>
</record>
<record>
  <date>2019-04-30T11:21:26</date>
  <millis>1556637686194</millis>
  <sequence>186</sequence>
  <level>END</level>
  <class>com.kms.katalon.core.logging.XmlKeywordLogger</class>
  <method>endKeyword</method>
  <thread>1</thread>
  <message>End action : closeBrowser()</message>
  <nestedLevel>1</nestedLevel>
</record>
<record>
  <date>2019-04-30T11:21:26</date>
  <millis>1556637686194</millis>
  <sequence>187</sequence>
  <level>PASSED</level>
  <class>com.kms.katalon.core.logging.XmlKeywordLogger</class>
  <method>logMessage</method>
  <thread>1</thread>
  <message>Test Cases/OCS-AGE GATE/AG- Under Age</message>
  <nestedLevel>1</nestedLevel>
</record>
<record>
  <date>2019-04-30T11:21:26</date>
  <millis>1556637686194</millis>
  <sequence>188</sequence>
  <level>END</level>
  <class>com.kms.katalon.core.logging.XmlKeywordLogger</class>
  <method>endTest</method>
  <thread>1</thread>
  <message>End Test Case : Test Cases/OCS-AGE GATE/AG- Under Age</message>
  <nestedLevel>0</nestedLevel>
</record>
<record>
  <date>2019-04-30T11:21:26</date>
  <millis>1556637686214</millis>
  <sequence>189</sequence>
  <level>END</level>
  <class>com.kms.katalon.core.logging.XmlKeywordLogger</class>
  <method>endSuite</method>
  <thread>1</thread>
  <message>End Test Suite : Test Suites/AGE GATE</message>
  <nestedLevel>0</nestedLevel>
</record>
</log>
